\BOOKMARK [1][-]{section.1}{INTRODUCTION}{}% 1
\BOOKMARK [2][-]{subsection.1.1}{Restatement of the problems}{section.1}% 2
\BOOKMARK [2][-]{subsection.1.2}{Backgrounds}{section.1}% 3
\BOOKMARK [2][-]{subsection.1.3}{Our work}{section.1}% 4
\BOOKMARK [2][-]{subsection.1.4}{Definitions}{section.1}% 5
\BOOKMARK [1][-]{section.2}{THE MODEL OF DISSEMINATION}{}% 6
\BOOKMARK [2][-]{subsection.2.1}{Assumptions}{section.2}% 7
\BOOKMARK [2][-]{subsection.2.2}{The initial models}{section.2}% 8
\BOOKMARK [2][-]{subsection.2.3}{Analyse}{section.2}% 9
\BOOKMARK [2][-]{subsection.2.4}{The advanced model}{section.2}% 10
\BOOKMARK [1][-]{section.3}{THE DEVELOPMENT OF INFORMATION NETWORKS}{}% 11
\BOOKMARK [2][-]{subsection.3.1}{Assumptions}{section.3}% 12
\BOOKMARK [2][-]{subsection.3.2}{The initial models}{section.3}% 13
\BOOKMARK [2][-]{subsection.3.3}{Analyse}{section.3}% 14
\BOOKMARK [2][-]{subsection.3.4}{The modified model}{section.3}% 15
\BOOKMARK [2][-]{subsection.3.5}{The Results}{section.3}% 16
\BOOKMARK [1][-]{section.4}{THE INFLUENCE OF INFORMATION NETWORKS}{}% 17
\BOOKMARK [2][-]{subsection.4.1}{An AHP MODEL to explore what makes a change}{section.4}% 18
\BOOKMARK [2][-]{subsection.4.2}{A PCA Model to determine how to change}{section.4}% 19
\BOOKMARK [2][-]{subsection.4.3}{A Graphic Model to determine how to change}{section.4}% 20
\BOOKMARK [2][-]{subsection.4.4}{Analyse}{section.4}% 21
\BOOKMARK [1][-]{section.5}{CONCLUSIONS}{}% 22
\BOOKMARK [2][-]{subsection.5.1}{Extends}{section.5}% 23
\BOOKMARK [2][-]{subsection.5.2}{Strengths and weaknesses}{section.5}% 24
\BOOKMARK [2][-]{subsection.5.3}{Summary}{section.5}% 25
\BOOKMARK [1][-]{section*.1}{Appendices}{}% 26
