This is pdfTeX, Version 3.14159265-2.6-1.40.15 (MiKTeX 2.9 64-bit) (preloaded format=pdflatex 2016.1.21)  1 FEB 2016 19:48
entering extended mode
**mcmpaper.tex
(mcmpaper.tex
LaTeX2e <2014/05/01>
Babel <3.9l> and hyphenation patterns for 68 languages loaded.
(D:\LATEX\mik\tex\latex\base\article.cls
Document Class: article 2014/09/29 v1.4h Standard LaTeX document class
(D:\LATEX\mik\tex\latex\base\size11.clo
File: size11.clo 2014/09/29 v1.4h Standard LaTeX file (size option)
)
\c@part=\count79
\c@section=\count80
\c@subsection=\count81
\c@subsubsection=\count82
\c@paragraph=\count83
\c@subparagraph=\count84
\c@figure=\count85
\c@table=\count86
\abovecaptionskip=\skip41
\belowcaptionskip=\skip42
\bibindent=\dimen102
)
(D:\LATEX\mik\tex\latex\titlesec\titlesec.sty
Package: titlesec 2011/12/15 v2.10.0 Sectioning titles
\ttl@box=\box26
\beforetitleunit=\skip43
\aftertitleunit=\skip44
\ttl@plus=\dimen103
\ttl@minus=\dimen104
\ttl@toksa=\toks14
\titlewidth=\dimen105
\titlewidthlast=\dimen106
\titlewidthfirst=\dimen107
)
(D:\LATEX\mik\tex\latex\lettrine\lettrine.sty
File: lettrine.sty 2015/02/16 v1.8 (Daniel Flipo)

(D:\LATEX\mik\tex\latex\graphics\keyval.sty
Package: keyval 2014/10/28 v1.15 key=value parser (DPC)
\KV@toks@=\toks15
)
\c@DefaultLines=\count87
\c@DefaultDepth=\count88
\DefaultFindent=\dimen108
\DefaultNindent=\dimen109
\DefaultSlope=\dimen110
\DiscardVskip=\dimen111
\L@lbox=\box27
\L@tbox=\box28
\c@L@lines=\count89
\c@L@depth=\count90
\L@Pindent=\dimen112
\L@Findent=\dimen113
\L@Nindent=\dimen114
\L@lraise=\dimen115
\L@first=\dimen116
\L@next=\dimen117
\L@slope=\dimen118
\L@height=\dimen119
\L@novskip=\dimen120
\LettrineWidth=\dimen121
\LettrineHeight=\dimen122
\LettrineDepth=\dimen123

Loading lettrine.cfg
(D:\LATEX\mik\tex\latex\lettrine\lettrine.cfg))
(D:\LATEX\mik\tex\latex\cjk\CJK.sty
Package: CJK 2012/05/07 4.8.3

(D:\LATEX\mik\tex\latex\cjk\mule\MULEenc.sty
Package: MULEenc 2012/05/07 4.8.3
)
(D:\LATEX\mik\tex\latex\cjk\CJK.enc
File: CJK.enc 2012/05/07 4.8.3
)
LaTeX Info: Redefining \selectfont on input line 755.
\CJK@indent=\box29
) (MCMthesis.sty
Package: MCMthesis 2013/02/02 v5.0 MCM thesis

MCMthesis for MCM Version 5.0
(D:\LATEX\mik\tex\latex\xcolor\xcolor.sty
Package: xcolor 2007/01/21 v2.11 LaTeX color extensions (UK)

(D:\LATEX\mik\tex\latex\00miktex\color.cfg
File: color.cfg 2007/01/18 v1.5 color configuration of teTeX/TeXLive
)
Package xcolor Info: Driver file: pdftex.def on input line 225.

(D:\LATEX\mik\tex\latex\pdftex-def\pdftex.def
File: pdftex.def 2011/05/27 v0.06d Graphics/color for pdfTeX

(D:\LATEX\mik\tex\generic\oberdiek\infwarerr.sty
Package: infwarerr 2010/04/08 v1.3 Providing info/warning/error messages (HO)
)
(D:\LATEX\mik\tex\generic\oberdiek\ltxcmds.sty
Package: ltxcmds 2011/11/09 v1.22 LaTeX kernel commands for general use (HO)
)
\Gread@gobject=\count91
)
Package xcolor Info: Model `cmy' substituted by `cmy0' on input line 1337.
Package xcolor Info: Model `hsb' substituted by `rgb' on input line 1341.
Package xcolor Info: Model `RGB' extended on input line 1353.
Package xcolor Info: Model `HTML' substituted by `rgb' on input line 1355.
Package xcolor Info: Model `Hsb' substituted by `hsb' on input line 1356.
Package xcolor Info: Model `tHsb' substituted by `hsb' on input line 1357.
Package xcolor Info: Model `HSB' substituted by `hsb' on input line 1358.
Package xcolor Info: Model `Gray' substituted by `gray' on input line 1359.
Package xcolor Info: Model `wave' substituted by `hsb' on input line 1360.
)
(D:\LATEX\mik\tex\latex\fancyhdr\fancyhdr.sty
\fancy@headwidth=\skip45
\f@ncyO@elh=\skip46
\f@ncyO@erh=\skip47
\f@ncyO@olh=\skip48
\f@ncyO@orh=\skip49
\f@ncyO@elf=\skip50
\f@ncyO@erf=\skip51
\f@ncyO@olf=\skip52
\f@ncyO@orf=\skip53
)
(D:\LATEX\mik\tex\latex\fancybox\fancybox.sty
Package: fancybox 2010/05/15 1.4

Style option: `fancybox' v1.4 <2010/05/15> (tvz)
\@fancybox=\box30
\shadowsize=\dimen124
\@Sbox=\box31
\do@VerbBox=\toks16
\the@fancyput=\toks17
\this@fancyput=\toks18
\EndVerbatimTokens=\toks19
\Verbatim@Outfile=\write3
\Verbatim@Infile=\read1
) (D:\LATEX\mik\tex\latex\graphics\graphicx.sty
Package: graphicx 2014/10/28 v1.0g Enhanced LaTeX Graphics (DPC,SPQR)

(D:\LATEX\mik\tex\latex\graphics\graphics.sty
Package: graphics 2014/10/28 v1.0p Standard LaTeX Graphics (DPC,SPQR)

(D:\LATEX\mik\tex\latex\graphics\trig.sty
Package: trig 1999/03/16 v1.09 sin cos tan (DPC)
)
(D:\LATEX\mik\tex\latex\00miktex\graphics.cfg
File: graphics.cfg 2007/01/18 v1.5 graphics configuration of teTeX/TeXLive
)
Package graphics Info: Driver file: pdftex.def on input line 91.
)
\Gin@req@height=\dimen125
\Gin@req@width=\dimen126
)
(D:\LATEX\mik\tex\latex\base\ifthen.sty
Package: ifthen 2014/09/29 v1.1c Standard LaTeX ifthen package (DPC)
)
(D:\LATEX\mik\tex\latex\lastpage\lastpage.sty
Package: lastpage 2013/01/28 v1.2l Refers to last page's name (HMM; JPG)
)
(D:\LATEX\mik\tex\latex\listings\listings.sty
\lst@mode=\count92
\lst@gtempboxa=\box32
\lst@token=\toks20
\lst@length=\count93
\lst@currlwidth=\dimen127
\lst@column=\count94
\lst@pos=\count95
\lst@lostspace=\dimen128
\lst@width=\dimen129
\lst@newlines=\count96
\lst@lineno=\count97
\lst@maxwidth=\dimen130

(D:\LATEX\mik\tex\latex\listings\lstmisc.sty
File: lstmisc.sty 2014/09/06 1.5e (Carsten Heinz)
\c@lstnumber=\count98
\lst@skipnumbers=\count99
\lst@framebox=\box33
)
(D:\LATEX\mik\tex\latex\listings\listings.cfg
File: listings.cfg 2014/09/06 1.5e listings configuration
))
Package: listings 2014/09/06 1.5e (Carsten Heinz)

(D:\LATEX\mik\tex\latex\appendix\appendix.sty
Package: appendix 2009/09/02 v1.2b extra appendix facilities
\c@@pps=\count100
\c@@ppsavesec=\count101
\c@@ppsaveapp=\count102
)
(D:\LATEX\mik\tex\latex\paralist\paralist.sty
Package: paralist 2013/06/09 v2.4 Extended list environments
\pltopsep=\skip54
\plpartopsep=\skip55
\plitemsep=\skip56
\plparsep=\skip57
\pl@lab=\toks21
)
(D:\LATEX\mik\tex\latex\amscls\amsthm.sty
Package: amsthm 2009/07/02 v2.20.1
\thm@style=\toks22
\thm@bodyfont=\toks23
\thm@headfont=\toks24
\thm@notefont=\toks25
\thm@headpunct=\toks26
\thm@preskip=\skip58
\thm@postskip=\skip59
\thm@headsep=\skip60
\dth@everypar=\toks27
)
(D:\LATEX\mik\tex\latex\amsfonts\amsfonts.sty
Package: amsfonts 2013/01/14 v3.01 Basic AMSFonts support
\@emptytoks=\toks28
\symAMSa=\mathgroup4
\symAMSb=\mathgroup5
LaTeX Font Info:    Overwriting math alphabet `\mathfrak' in version `bold'
(Font)                  U/euf/m/n --> U/euf/b/n on input line 106.
)
(D:\LATEX\mik\tex\latex\amsmath\amsmath.sty
Package: amsmath 2013/01/14 v2.14 AMS math features
\@mathmargin=\skip61

For additional information on amsmath, use the `?' option.
(D:\LATEX\mik\tex\latex\amsmath\amstext.sty
Package: amstext 2000/06/29 v2.01

(D:\LATEX\mik\tex\latex\amsmath\amsgen.sty
File: amsgen.sty 1999/11/30 v2.0
\@emptytoks=\toks29
\ex@=\dimen131
))
(D:\LATEX\mik\tex\latex\amsmath\amsbsy.sty
Package: amsbsy 1999/11/29 v1.2d
\pmbraise@=\dimen132
)
(D:\LATEX\mik\tex\latex\amsmath\amsopn.sty
Package: amsopn 1999/12/14 v2.01 operator names
)
\inf@bad=\count103
LaTeX Info: Redefining \frac on input line 210.
\uproot@=\count104
\leftroot@=\count105
LaTeX Info: Redefining \overline on input line 306.
\classnum@=\count106
\DOTSCASE@=\count107
LaTeX Info: Redefining \ldots on input line 378.
LaTeX Info: Redefining \dots on input line 381.
LaTeX Info: Redefining \cdots on input line 466.
\Mathstrutbox@=\box34
\strutbox@=\box35
\big@size=\dimen133
LaTeX Font Info:    Redeclaring font encoding OML on input line 566.
LaTeX Font Info:    Redeclaring font encoding OMS on input line 567.
\macc@depth=\count108
\c@MaxMatrixCols=\count109
\dotsspace@=\muskip10
\c@parentequation=\count110
\dspbrk@lvl=\count111
\tag@help=\toks30
\row@=\count112
\column@=\count113
\maxfields@=\count114
\andhelp@=\toks31
\eqnshift@=\dimen134
\alignsep@=\dimen135
\tagshift@=\dimen136
\tagwidth@=\dimen137
\totwidth@=\dimen138
\lineht@=\dimen139
\@envbody=\toks32
\multlinegap=\skip62
\multlinetaggap=\skip63
\mathdisplay@stack=\toks33
LaTeX Info: Redefining \[ on input line 2665.
LaTeX Info: Redefining \] on input line 2666.
)
(D:\LATEX\mik\tex\latex\tools\bm.sty
Package: bm 2014/10/28 v1.1c Bold Symbol Support (DPC/FMi)
\symboldoperators=\mathgroup6
\symboldletters=\mathgroup7
\symboldsymbols=\mathgroup8
LaTeX Font Info:    Redeclaring math alphabet \mathbf on input line 137.
LaTeX Info: Redefining \bm on input line 203.
)
(D:\LATEX\mik\tex\latex\amsfonts\amssymb.sty
Package: amssymb 2013/01/14 v3.01 AMS font symbols
)
(D:\LATEX\mik\tex\latex\jknappen\mathrsfs.sty
Package: mathrsfs 1996/01/01 Math RSFS package v1.0 (jk)
\symrsfs=\mathgroup9
)
(D:\LATEX\mik\tex\latex\base\latexsym.sty
Package: latexsym 1998/08/17 v2.2e Standard LaTeX package (lasy symbols)
\symlasy=\mathgroup10
LaTeX Font Info:    Overwriting symbol font `lasy' in version `bold'
(Font)                  U/lasy/m/n --> U/lasy/b/n on input line 47.
)
(D:\LATEX\mik\tex\latex\tools\longtable.sty
Package: longtable 2014/10/28 v4.11 Multi-page Table package (DPC)
\LTleft=\skip64
\LTright=\skip65
\LTpre=\skip66
\LTpost=\skip67
\LTchunksize=\count115
\LTcapwidth=\dimen140
\LT@head=\box36
\LT@firsthead=\box37
\LT@foot=\box38
\LT@lastfoot=\box39
\LT@cols=\count116
\LT@rows=\count117
\c@LT@tables=\count118
\c@LT@chunks=\count119
\LT@p@ftn=\toks34
)
(D:\LATEX\mik\tex\latex\multirow\multirow.sty
\bigstrutjot=\dimen141
)
(D:\LATEX\mik\tex\latex\tools\hhline.sty
Package: hhline 2014/10/28 v2.03 Table rule package (DPC)
)
(D:\LATEX\mik\tex\latex\tools\tabularx.sty
Package: tabularx 2014/10/28 v2.10 `tabularx' package (DPC)

(D:\LATEX\mik\tex\latex\tools\array.sty
Package: array 2014/10/28 v2.4c Tabular extension package (FMi)
\col@sep=\dimen142
\extrarowheight=\dimen143
\NC@list=\toks35
\extratabsurround=\skip68
\backup@length=\skip69
)
\TX@col@width=\dimen144
\TX@old@table=\dimen145
\TX@old@col=\dimen146
\TX@target=\dimen147
\TX@delta=\dimen148
\TX@cols=\count120
\TX@ftn=\toks36
)
(D:\LATEX\mik\tex\latex\base\flafter.sty
Package: flafter 2014/04/24 v1.2n Standard LaTeX floats after reference (FMi)
)
(D:\LATEX\mik\tex\latex\psnfss\pifont.sty
Package: pifont 2005/04/12 PSNFSS-v9.2a Pi font support (SPQR) 
LaTeX Font Info:    Try loading font information for U+pzd on input line 63.

(D:\LATEX\mik\tex\latex\psnfss\upzd.fd
File: upzd.fd 2001/06/04 font definitions for U/pzd.
)
LaTeX Font Info:    Try loading font information for U+psy on input line 64.
 (D:\LATEX\mik\tex\latex\psnfss\upsy.fd
File: upsy.fd 2001/06/04 font definitions for U/psy.
)) (D:\LATEX\mik\tex\latex\tools\calc.sty
Package: calc 2014/10/28 v4.3 Infix arithmetic (KKT,FJ)
\calc@Acount=\count121
\calc@Bcount=\count122
\calc@Adimen=\dimen149
\calc@Bdimen=\dimen150
\calc@Askip=\skip70
\calc@Bskip=\skip71
LaTeX Info: Redefining \setlength on input line 75.
LaTeX Info: Redefining \addtolength on input line 76.
\calc@Ccount=\count123
\calc@Cskip=\skip72
)
(D:\LATEX\mik\tex\latex\colortbl\colortbl.sty
Package: colortbl 2012/02/13 v1.0a Color table columns (DPC)
\everycr=\toks37
\minrowclearance=\skip73
)
(D:\LATEX\mik\tex\latex\booktabs\booktabs.sty
Package: booktabs 2005/04/14 v1.61803 publication quality tables
\heavyrulewidth=\dimen151
\lightrulewidth=\dimen152
\cmidrulewidth=\dimen153
\belowrulesep=\dimen154
\belowbottomsep=\dimen155
\aboverulesep=\dimen156
\abovetopsep=\dimen157
\cmidrulesep=\dimen158
\cmidrulekern=\dimen159
\defaultaddspace=\dimen160
\@cmidla=\count124
\@cmidlb=\count125
\@aboverulesep=\dimen161
\@belowrulesep=\dimen162
\@thisruleclass=\count126
\@lastruleclass=\count127
\@thisrulewidth=\dimen163
)
(D:\LATEX\mik\tex\latex\geometry\geometry.sty
Package: geometry 2010/09/12 v5.6 Page Geometry

(D:\LATEX\mik\tex\generic\oberdiek\ifpdf.sty
Package: ifpdf 2011/01/30 v2.3 Provides the ifpdf switch (HO)
Package ifpdf Info: pdfTeX in PDF mode is detected.
)
(D:\LATEX\mik\tex\generic\oberdiek\ifvtex.sty
Package: ifvtex 2010/03/01 v1.5 Detect VTeX and its facilities (HO)
Package ifvtex Info: VTeX not detected.
)
(D:\LATEX\mik\tex\generic\ifxetex\ifxetex.sty
Package: ifxetex 2010/09/12 v0.6 Provides ifxetex conditional
)
\Gm@cnth=\count128
\Gm@cntv=\count129
\c@Gm@tempcnt=\count130
\Gm@bindingoffset=\dimen164
\Gm@wd@mp=\dimen165
\Gm@odd@mp=\dimen166
\Gm@even@mp=\dimen167
\Gm@layoutwidth=\dimen168
\Gm@layoutheight=\dimen169
\Gm@layouthoffset=\dimen170
\Gm@layoutvoffset=\dimen171
\Gm@dimlist=\toks38

(D:\LATEX\mik\tex\latex\geometry\geometry.cfg))
(D:\LATEX\mik\tex\latex\base\fontenc.sty
Package: fontenc 2005/09/27 v1.99g Standard LaTeX package
 (D:\LATEX\mik\tex\latex\base\t1enc.def
File: t1enc.def 2005/09/27 v1.99g Standard LaTeX file
LaTeX Font Info:    Redeclaring font encoding T1 on input line 43.
)) (D:\LATEX\mik\tex\latex\bera\berasans.sty
Package: berasans 2004/01/30 (WaS)
)
(D:\LATEX\mik\tex\latex\oberdiek\epstopdf.sty
Package: epstopdf 2010/02/09 v2.5 Conversion with epstopdf on the fly (HO)

(D:\LATEX\mik\tex\latex\oberdiek\epstopdf-base.sty
Package: epstopdf-base 2010/02/09 v2.5 Base part for package epstopdf

(D:\LATEX\mik\tex\latex\oberdiek\grfext.sty
Package: grfext 2010/08/19 v1.1 Manage graphics extensions (HO)

(D:\LATEX\mik\tex\generic\oberdiek\kvdefinekeys.sty
Package: kvdefinekeys 2011/04/07 v1.3 Define keys (HO)
))
(D:\LATEX\mik\tex\latex\oberdiek\kvoptions.sty
Package: kvoptions 2011/06/30 v3.11 Key value format for package options (HO)

(D:\LATEX\mik\tex\generic\oberdiek\kvsetkeys.sty
Package: kvsetkeys 2012/04/25 v1.16 Key value parser (HO)

(D:\LATEX\mik\tex\generic\oberdiek\etexcmds.sty
Package: etexcmds 2011/02/16 v1.5 Avoid name clashes with e-TeX commands (HO)

(D:\LATEX\mik\tex\generic\oberdiek\ifluatex.sty
Package: ifluatex 2010/03/01 v1.3 Provides the ifluatex switch (HO)
Package ifluatex Info: LuaTeX not detected.
)
Package etexcmds Info: Could not find \expanded.
(etexcmds)             That can mean that you are not using pdfTeX 1.50 or
(etexcmds)             that some package has redefined \expanded.
(etexcmds)             In the latter case, load this package earlier.
)))
(D:\LATEX\mik\tex\generic\oberdiek\pdftexcmds.sty
Package: pdftexcmds 2011/11/29 v0.20 Utility functions of pdfTeX for LuaTeX (HO
)
Package pdftexcmds Info: LuaTeX not detected.
Package pdftexcmds Info: \pdf@primitive is available.
Package pdftexcmds Info: \pdf@ifprimitive is available.
Package pdftexcmds Info: \pdfdraftmode found.
)
Package grfext Info: Graphics extension search list:
(grfext)             [.png,.pdf,.jpg,.mps,.jpeg,.jbig2,.jb2,.PNG,.PDF,.JPG,.JPE
G,.JBIG2,.JB2,.eps]
(grfext)             \AppendGraphicsExtensions on input line 452.
))
(D:\LATEX\mik\tex\latex\hyperref\hyperref.sty
Package: hyperref 2012/11/06 v6.83m Hypertext links for LaTeX

(D:\LATEX\mik\tex\generic\oberdiek\hobsub-hyperref.sty
Package: hobsub-hyperref 2012/04/25 v1.12 Bundle oberdiek, subset hyperref (HO)


(D:\LATEX\mik\tex\generic\oberdiek\hobsub-generic.sty
Package: hobsub-generic 2012/04/25 v1.12 Bundle oberdiek, subset generic (HO)
Package: hobsub 2012/04/25 v1.12 Construct package bundles (HO)
Package hobsub Info: Skipping package `infwarerr' (already loaded).
Package hobsub Info: Skipping package `ltxcmds' (already loaded).
Package hobsub Info: Skipping package `ifluatex' (already loaded).
Package hobsub Info: Skipping package `ifvtex' (already loaded).
Package: intcalc 2007/09/27 v1.1 Expandable calculations with integers (HO)
Package hobsub Info: Skipping package `ifpdf' (already loaded).
Package hobsub Info: Skipping package `etexcmds' (already loaded).
Package hobsub Info: Skipping package `kvsetkeys' (already loaded).
Package hobsub Info: Skipping package `kvdefinekeys' (already loaded).
Package hobsub Info: Skipping package `pdftexcmds' (already loaded).
Package: pdfescape 2011/11/25 v1.13 Implements pdfTeX's escape features (HO)
Package: bigintcalc 2012/04/08 v1.3 Expandable calculations on big integers (HO
)
Package: bitset 2011/01/30 v1.1 Handle bit-vector datatype (HO)
Package: uniquecounter 2011/01/30 v1.2 Provide unlimited unique counter (HO)
)
Package hobsub Info: Skipping package `hobsub' (already loaded).
Package: letltxmacro 2010/09/02 v1.4 Let assignment for LaTeX macros (HO)
Package: hopatch 2011/06/24 v1.1 Wrapper for package hooks (HO)
Package: xcolor-patch 2011/01/30 xcolor patch
Package: atveryend 2011/06/30 v1.8 Hooks at the very end of document (HO)
Package atveryend Info: \enddocument detected (standard20110627).
Package: atbegshi 2011/10/05 v1.16 At begin shipout hook (HO)
Package: refcount 2011/10/16 v3.4 Data extraction from label references (HO)
Package: hycolor 2011/01/30 v1.7 Color options for hyperref/bookmark (HO)
)
(D:\LATEX\mik\tex\latex\oberdiek\auxhook.sty
Package: auxhook 2011/03/04 v1.3 Hooks for auxiliary files (HO)
)
\@linkdim=\dimen172
\Hy@linkcounter=\count131
\Hy@pagecounter=\count132

(D:\LATEX\mik\tex\latex\hyperref\pd1enc.def
File: pd1enc.def 2012/11/06 v6.83m Hyperref: PDFDocEncoding definition (HO)
)
\Hy@SavedSpaceFactor=\count133

(D:\LATEX\mik\tex\latex\00miktex\hyperref.cfg
File: hyperref.cfg 2002/06/06 v1.2 hyperref configuration of TeXLive
)
Package hyperref Info: Option `bookmarks' set `true' on input line 4319.


Package hyperref Warning: Option `pagecolor' is not available anymore.

Package hyperref Info: Option `colorlinks' set `true' on input line 4319.

Package hyperref Warning: Invalid value `001'
(hyperref)                for option `pdfborder'.
(hyperref)                Option setting is ignored on input line 4319.

Package hyperref Info: Hyper figures OFF on input line 4443.
Package hyperref Info: Link nesting OFF on input line 4448.
Package hyperref Info: Hyper index ON on input line 4451.
Package hyperref Info: Plain pages OFF on input line 4458.
Package hyperref Info: Backreferencing OFF on input line 4463.
Package hyperref Info: Implicit mode ON; LaTeX internals redefined.
Package hyperref Info: Bookmarks ON on input line 4688.
\c@Hy@tempcnt=\count134
(D:\LATEX\mik\tex\latex\url\url.sty
\Urlmuskip=\muskip11
Package: url 2013/09/16  ver 3.4  Verb mode for urls, etc.
)
LaTeX Info: Redefining \url on input line 5041.
\XeTeXLinkMargin=\dimen173
\Fld@menulength=\count135
\Field@Width=\dimen174
\Fld@charsize=\dimen175
Package hyperref Info: Hyper figures OFF on input line 6295.
Package hyperref Info: Link nesting OFF on input line 6300.
Package hyperref Info: Hyper index ON on input line 6303.
Package hyperref Info: backreferencing OFF on input line 6310.
Package hyperref Info: Link coloring ON on input line 6313.
Package hyperref Info: Link coloring with OCG OFF on input line 6320.
Package hyperref Info: PDF/A mode OFF on input line 6325.
LaTeX Info: Redefining \ref on input line 6365.
LaTeX Info: Redefining \pageref on input line 6369.
\Hy@abspage=\count136
\c@Item=\count137
\c@Hfootnote=\count138
)

Package hyperref Message: Driver (autodetected): hpdftex.

(D:\LATEX\mik\tex\latex\hyperref\hpdftex.def
File: hpdftex.def 2012/11/06 v6.83m Hyperref driver for pdfTeX
\Fld@listcount=\count139
\c@bookmark@seq@number=\count140

(D:\LATEX\mik\tex\latex\oberdiek\rerunfilecheck.sty
Package: rerunfilecheck 2011/04/15 v1.7 Rerun checks for auxiliary files (HO)
Package uniquecounter Info: New unique counter `rerunfilecheck' on input line 2
82.
)
\Hy@SectionHShift=\skip74
)
\@abstract=\box40
\@keywords=\box41
\c@Theorem=\count141

(D:\LATEX\mik\tex\latex\listings\lstlang1.sty
File: lstlang1.sty 2014/09/06 1.5e listings language file
)
(D:\LATEX\mik\tex\latex\listings\lstmisc.sty
File: lstmisc.sty 2014/09/06 1.5e (Carsten Heinz)
))
(D:\LATEX\mik\tex\latex\psnfss\palatino.sty
Package: palatino 2005/04/12 PSNFSS-v9.2a (SPQR) 
) (mcmpaper.aux

LaTeX Warning: Label `tab:1' multiply defined.


LaTeX Warning: Label `fig:The AHP Model' multiply defined.

)
LaTeX Font Info:    Checking defaults for OML/cmm/m/it on input line 36.
LaTeX Font Info:    ... okay on input line 36.
LaTeX Font Info:    Checking defaults for T1/cmr/m/n on input line 36.
LaTeX Font Info:    ... okay on input line 36.
LaTeX Font Info:    Checking defaults for OT1/cmr/m/n on input line 36.
LaTeX Font Info:    ... okay on input line 36.
LaTeX Font Info:    Checking defaults for OMS/cmsy/m/n on input line 36.
LaTeX Font Info:    ... okay on input line 36.
LaTeX Font Info:    Checking defaults for OMX/cmex/m/n on input line 36.
LaTeX Font Info:    ... okay on input line 36.
LaTeX Font Info:    Checking defaults for U/cmr/m/n on input line 36.
LaTeX Font Info:    ... okay on input line 36.
LaTeX Font Info:    Checking defaults for C00/song/m/n on input line 36.
LaTeX Font Info:    ... okay on input line 36.
LaTeX Font Info:    Checking defaults for C05/song/m/n on input line 36.
LaTeX Font Info:    ... okay on input line 36.
LaTeX Font Info:    Checking defaults for C09/song/m/n on input line 36.
LaTeX Font Info:    ... okay on input line 36.
LaTeX Font Info:    Checking defaults for C10/song/m/n on input line 36.
LaTeX Font Info:    ... okay on input line 36.
LaTeX Font Info:    Checking defaults for C20/song/m/n on input line 36.
LaTeX Font Info:    ... okay on input line 36.
LaTeX Font Info:    Checking defaults for C19/song/m/n on input line 36.
LaTeX Font Info:    ... okay on input line 36.
LaTeX Font Info:    Checking defaults for C40/song/m/n on input line 36.
LaTeX Font Info:    ... okay on input line 36.
LaTeX Font Info:    Checking defaults for C42/song/m/n on input line 36.
LaTeX Font Info:    ... okay on input line 36.
LaTeX Font Info:    Checking defaults for C43/song/m/n on input line 36.
LaTeX Font Info:    ... okay on input line 36.
LaTeX Font Info:    Checking defaults for C50/song/m/n on input line 36.
LaTeX Font Info:    ... okay on input line 36.
LaTeX Font Info:    Checking defaults for C52/song/m/n on input line 36.
LaTeX Font Info:    ... okay on input line 36.
LaTeX Font Info:    Checking defaults for C49/song/m/n on input line 36.
LaTeX Font Info:    ... okay on input line 36.
LaTeX Font Info:    Checking defaults for C60/mj/m/n on input line 36.
LaTeX Font Info:    ... okay on input line 36.
LaTeX Font Info:    Checking defaults for C61/mj/m/n on input line 36.
LaTeX Font Info:    ... okay on input line 36.
LaTeX Font Info:    Checking defaults for C63/mj/m/n on input line 36.
LaTeX Font Info:    ... okay on input line 36.
LaTeX Font Info:    Checking defaults for C64/mj/m/n on input line 36.
LaTeX Font Info:    ... okay on input line 36.
LaTeX Font Info:    Checking defaults for C65/mj/m/n on input line 36.
LaTeX Font Info:    ... okay on input line 36.
LaTeX Font Info:    Checking defaults for C70/song/m/n on input line 36.
LaTeX Font Info:    ... okay on input line 36.
LaTeX Font Info:    Checking defaults for C31/song/m/n on input line 36.
LaTeX Font Info:    ... okay on input line 36.
LaTeX Font Info:    Checking defaults for C32/song/m/n on input line 36.
LaTeX Font Info:    ... okay on input line 36.
LaTeX Font Info:    Checking defaults for C33/song/m/n on input line 36.
LaTeX Font Info:    ... okay on input line 36.
LaTeX Font Info:    Checking defaults for C34/song/m/n on input line 36.
LaTeX Font Info:    ... okay on input line 36.
LaTeX Font Info:    Checking defaults for C35/song/m/n on input line 36.
LaTeX Font Info:    ... okay on input line 36.
LaTeX Font Info:    Checking defaults for C36/song/m/n on input line 36.
LaTeX Font Info:    ... okay on input line 36.
LaTeX Font Info:    Checking defaults for C37/song/m/n on input line 36.
LaTeX Font Info:    ... okay on input line 36.
LaTeX Font Info:    Checking defaults for C80/song/m/n on input line 36.
LaTeX Font Info:    ... okay on input line 36.
LaTeX Font Info:    Checking defaults for C81/song/m/n on input line 36.
LaTeX Font Info:    ... okay on input line 36.
LaTeX Font Info:    Checking defaults for C01/song/m/n on input line 36.
LaTeX Font Info:    ... okay on input line 36.
LaTeX Font Info:    Checking defaults for C11/song/m/n on input line 36.
LaTeX Font Info:    ... okay on input line 36.
LaTeX Font Info:    Checking defaults for C21/song/m/n on input line 36.
LaTeX Font Info:    ... okay on input line 36.
LaTeX Font Info:    Checking defaults for C41/song/m/n on input line 36.
LaTeX Font Info:    ... okay on input line 36.
LaTeX Font Info:    Checking defaults for C62/song/m/n on input line 36.
LaTeX Font Info:    ... okay on input line 36.
LaTeX Font Info:    Checking defaults for PD1/pdf/m/n on input line 36.
LaTeX Font Info:    ... okay on input line 36.
LaTeX Font Info:    Try loading font information for T1+ppl on input line 36.
 (D:\LATEX\mik\tex\latex\psnfss\t1ppl.fd
File: t1ppl.fd 2001/06/04 font definitions for T1/ppl.
)
(D:\LATEX\mik\tex\context\base\supp-pdf.mkii
[Loading MPS to PDF converter (version 2006.09.02).]
\scratchcounter=\count142
\scratchdimen=\dimen176
\scratchbox=\box42
\nofMPsegments=\count143
\nofMParguments=\count144
\everyMPshowfont=\toks39
\MPscratchCnt=\count145
\MPscratchDim=\dimen177
\MPnumerator=\count146
\makeMPintoPDFobject=\count147
\everyMPtoPDFconversion=\toks40
)
Package lastpage Info: Please have a look at the pageslts package at
(lastpage)             http://www.ctan.org/tex-archive/ 
(lastpage)             macros/latex/contrib/pageslts/ 
(lastpage)             or
(lastpage)             http://www.ctan.org/tex-archive/ 
(lastpage)             install/macros/latex/contrib/pageslts.tds.zip
(lastpage)             ! on input line 36.
\c@lstlisting=\count148

*geometry* driver: auto-detecting
*geometry* detected driver: pdftex
*geometry* verbose mode - [ preamble ] result:
* driver: pdftex
* paper: a4paper
* layout: <same size as paper>
* layoutoffset:(h,v)=(0.0pt,0.0pt)
* modes: 
* h-part:(L,W,R)=(71.13188pt, 455.24411pt, 71.13188pt)
* v-part:(T,H,B)=(71.13188pt, 702.78308pt, 71.13188pt)
* \paperwidth=597.50787pt
* \paperheight=845.04684pt
* \textwidth=455.24411pt
* \textheight=702.78308pt
* \oddsidemargin=-1.1381pt
* \evensidemargin=-1.1381pt
* \topmargin=-38.1381pt
* \headheight=12.0pt
* \headsep=25.0pt
* \topskip=11.0pt
* \footskip=30.0pt
* \marginparwidth=50.0pt
* \marginparsep=10.0pt
* \columnsep=10.0pt
* \skip\footins=10.0pt plus 4.0pt minus 2.0pt
* \hoffset=0.0pt
* \voffset=0.0pt
* \mag=1000
* \@twocolumnfalse
* \@twosidefalse
* \@mparswitchfalse
* \@reversemarginfalse
* (1in=72.27pt=25.4mm, 1cm=28.453pt)

\AtBeginShipoutBox=\box43
Package hyperref Info: Link coloring ON on input line 36.
(D:\LATEX\mik\tex\latex\hyperref\nameref.sty
Package: nameref 2012/10/27 v2.43 Cross-referencing by name of section

(D:\LATEX\mik\tex\generic\oberdiek\gettitlestring.sty
Package: gettitlestring 2010/12/03 v1.4 Cleanup title references (HO)
)
\c@section@level=\count149
)
LaTeX Info: Redefining \ref on input line 36.
LaTeX Info: Redefining \pageref on input line 36.
LaTeX Info: Redefining \nameref on input line 36.
 (mcmpaper.out)
(mcmpaper.out)
\@outlinefile=\write4
LaTeX Font Info:    Try loading font information for T1+fvs on input line 46.
 (D:\LATEX\mik\tex\latex\bera\t1fvs.fd
File: t1fvs.fd 2004/09/07 scalable font definitions for T1/fvs.
)
LaTeX Font Info:    Font shape `T1/fvs/m/n' will be
(Font)              scaled to size 9.85492pt on input line 46.

(D:\LATEX\mik\tex\latex\amsfonts\umsa.fd)
(D:\LATEX\mik\tex\latex\amsfonts\umsb.fd)
(D:\LATEX\mik\tex\latex\jknappen\ursfs.fd)
(D:\LATEX\mik\tex\latex\base\ulasy.fd)
LaTeX Font Info:    Font shape `T1/fvs/m/n' will be
(Font)              scaled to size 34.19977pt on input line 46.
LaTeX Font Info:    Font shape `T1/fvs/bx/n' in size <38> not available
(Font)              Font shape `T1/fvs/b/n' tried instead on input line 46.
LaTeX Font Info:    Font shape `T1/fvs/b/n' will be
(Font)              scaled to size 34.19977pt on input line 46.
LaTeX Font Info:    Font shape `T1/fvs/m/n' will be
(Font)              scaled to size 17.99988pt on input line 46.
LaTeX Font Info:    Font shape `T1/fvs/bx/n' in size <20> not available
(Font)              Font shape `T1/fvs/b/n' tried instead on input line 46.
LaTeX Font Info:    Font shape `T1/fvs/b/n' will be
(Font)              scaled to size 17.99988pt on input line 46.
LaTeX Font Info:    Font shape `T1/fvs/bx/n' in size <10.95> not available
(Font)              Font shape `T1/fvs/b/n' tried instead on input line 46.
LaTeX Font Info:    Font shape `T1/fvs/b/n' will be
(Font)              scaled to size 9.85492pt on input line 46.
LaTeX Font Info:    Font shape `T1/fvs/m/n' will be
(Font)              scaled to size 10.79993pt on input line 46.
LaTeX Font Info:    Font shape `T1/ppl/bx/n' in size <12> not available
(Font)              Font shape `T1/ppl/b/n' tried instead on input line 46.
 [1

{C:/ProgramData/MiKTeX/2.9/pdftex/config/pdftex.map}]
LaTeX Font Info:    Font shape `T1/ppl/bx/n' in size <20.74> not available
(Font)              Font shape `T1/ppl/b/n' tried instead on input line 51.
LaTeX Font Info:    Font shape `T1/ppl/bx/n' in size <14.4> not available
(Font)              Font shape `T1/ppl/b/n' tried instead on input line 59.
 (mcmpaper.toc
LaTeX Font Info:    Font shape `T1/ppl/bx/n' in size <10.95> not available
(Font)              Font shape `T1/ppl/b/n' tried instead on input line 1.
)
\tf@toc=\write5
 [2] (body.tex
LaTeX Font Info:    Font shape `T1/ppl/bx/n' in size <17.28> not available
(Font)              Font shape `T1/ppl/b/n' tried instead on input line 3.
LaTeX Font Info:    Font shape `T1/ppl/bx/it' in size <10.95> not available
(Font)              Font shape `T1/ppl/b/it' tried instead on input line 9.
LaTeX Font Info:    Font shape `T1/ppl/bx/it' in size <14.4> not available
(Font)              Font shape `T1/ppl/b/it' tried instead on input line 9.
LaTeX Font Info:    Try loading font information for OMS+ppl on input line 15.

(D:\LATEX\mik\tex\latex\psnfss\omsppl.fd
File: omsppl.fd 
)
LaTeX Font Info:    Font shape `OMS/ppl/m/n' in size <10.95> not available
(Font)              Font shape `OMS/cmsy/m/n' tried instead on input line 15.

Overfull \hbox (5.99722pt too wide) in paragraph at lines 17--18
[]\T1/ppl/m/n/10.95 Use the model to pre-dict the com-mu-ni-ca-tion net-works' 
re-la-tion-ships and ca-pac-i-ties around
 []

[3] [4] <./picture/smallworld.png, id=160, 341.02406pt x 241.65282pt>
File: ./picture/smallworld.png Graphic file (type png)

<use ./picture/smallworld.png>
Package pdftex.def Info: ./picture/smallworld.png used on input line 101.
(pdftex.def)             Requested size: 256.0748pt x 181.46777pt.


LaTeX Warning: `h' float specifier changed to `ht'.

[5] <./picture/bamodel.png, id=167, 389.20406pt x 213.79875pt>
File: ./picture/bamodel.png Graphic file (type png)

<use ./picture/bamodel.png>
Package pdftex.def Info: ./picture/bamodel.png used on input line 121.
(pdftex.def)             Requested size: 341.43306pt x 187.56277pt.
 [6 <./picture/smallworld.png> <./picture/bamodel.png>] [7] <./picture/chuanbo.
png, id=185, 310.15875pt x 257.46187pt>
File: ./picture/chuanbo.png Graphic file (type png)

<use ./picture/chuanbo.png>
Package pdftex.def Info: ./picture/chuanbo.png used on input line 165.
(pdftex.def)             Requested size: 341.43306pt x 283.42105pt.
 [8 <./picture/chuanbo.png>]
<./picture/final1.png, id=192, 469.00218pt x 264.99pt>
File: ./picture/final1.png Graphic file (type png)

<use ./picture/final1.png>
Package pdftex.def Info: ./picture/final1.png used on input line 195.
(pdftex.def)             Requested size: 426.79134pt x 241.13722pt.
 [9 <./picture/final1.png>] [10]
Missing character: There is no â in font cmr10!
Missing character: There is no € in font cmr10!
Missing character: There is no ¦ in font cmr10!
Missing character: There is no â in font cmr10!
Missing character: There is no € in font cmr10!
Missing character: There is no ¦ in font cmr10!
 [11]
<./picture/BPm.png, id=213, 393.72093pt x 256.70906pt>
File: ./picture/BPm.png Graphic file (type png)
 <use ./picture/BPm.png>
Package pdftex.def Info: ./picture/BPm.png used on input line 301.
(pdftex.def)             Requested size: 341.43306pt x 222.61432pt.

[12 <./picture/BPm.png>]
Package epstopdf Info: Source file: <./picture/wtf.eps>
(epstopdf)                    date: 2016-02-01 13:42:13
(epstopdf)                    size: 45826 bytes
(epstopdf)             Output file: <./picture/wtf-eps-converted-to.pdf>
(epstopdf)                    date: 2016-02-01 13:42:20
(epstopdf)                    size: 4960 bytes
(epstopdf)             Command: <epstopdf --outfile=./picture/wtf-eps-converted
-to.pdf ./picture/wtf.eps>
(epstopdf)             \includegraphics on input line 348.
Package epstopdf Info: Output file is already uptodate.

<./picture/wtf-eps-converted-to.pdf, id=220, 421.575pt x 316.18124pt>
File: ./picture/wtf-eps-converted-to.pdf Graphic file (type pdf)

<use ./picture/wtf-eps-converted-to.pdf>
Package pdftex.def Info: ./picture/wtf-eps-converted-to.pdf used on input line 
348.
(pdftex.def)             Requested size: 426.79134pt x 320.09798pt.


LaTeX Warning: `h' float specifier changed to `ht'.

[13] [14 <./picture/wtf-eps-converted-to.pdf>]
<./picture/lala.png, id=238, 306.39468pt x 318.43968pt>
File: ./picture/lala.png Graphic file (type png)

<use ./picture/lala.png>
Package pdftex.def Info: ./picture/lala.png used on input line 375.
(pdftex.def)             Requested size: 284.52756pt x 295.72797pt.

<./picture/lala2.png, id=239, 465.99094pt x 294.34969pt>
File: ./picture/lala2.png Graphic file (type png)

<use ./picture/lala2.png>
Package pdftex.def Info: ./picture/lala2.png used on input line 383.
(pdftex.def)             Requested size: 312.9803pt x 197.70282pt.
 [15 <./picture/lala.png (PNG copy)> <./picture/lala2.png (PNG copy)>] <./pictu
re/cengci.png, id=247, 658.71094pt x 335.00156pt>
File: ./picture/cengci.png Graphic file (type png)

<use ./picture/cengci.png>
Package pdftex.def Info: ./picture/cengci.png used on input line 400.
(pdftex.def)             Requested size: 426.79134pt x 217.05835pt.
 [16 <./picture/cengci.png>]
<./picture/mmm.png, id=255, 545.03625pt x 176.15813pt>
File: ./picture/mmm.png Graphic file (type png)
 <use ./picture/mmm.png>
Package pdftex.def Info: ./picture/mmm.png used on input line 451.
(pdftex.def)             Requested size: 426.79134pt x 137.94037pt.

[17 <./picture/mmm.png>]
<./picture/2333.png, id=263, 306.39468pt x 261.22594pt>
File: ./picture/2333.png Graphic file (type png)

<use ./picture/2333.png>
Package pdftex.def Info: ./picture/2333.png used on input line 485.
(pdftex.def)             Requested size: 199.16928pt x 169.8068pt.
 [18 <./picture/2333.png>] [19] [20]
Underfull \hbox (badness 10000) in paragraph at lines 567--568
[]\T1/ppl/m/n/10.95 http://www.people-press.org/2012/09/27/section-1-watching-r
eading-and-listening-
 []


Overfull \hbox (317.3693pt too wide) in paragraph at lines 578--579
[]\T1/ppl/m/n/10.95 http://baike.baidu.com/link?url=Qm-xihbLpYtYMbmzQZGTX9wSVvM
SL4lpL7nto1PFVJ2wiGCKMaDMnQ1WORkeY8aqpaCvBE1m5aMq2zkR8xM0FK 
 []


Underfull \hbox (badness 10000) in paragraph at lines 587--588

 []

[21]
LaTeX Font Info:    Try loading font information for T1+pcr on input line 591.
 (D:\LATEX\mik\tex\latex\psnfss\t1pcr.fd
File: t1pcr.fd 2001/06/04 font definitions for T1/pcr.
) (code/matlab1.m)
(code/huise_gm1n.m
LaTeX Font Info:    Font shape `T1/pcr/bx/n' in size <9> not available
(Font)              Font shape `T1/pcr/b/n' tried instead on input line 12.
 [22]
Overfull \hbox (36.16089pt too wide) in paragraph at lines 81--82
[][][][][][][][][][][][][][][][][][][][][][][][][][][][][][][][][][][][][][][][
][][][][][][][][][][][][][][][][][][][][][][][][][][] 
 []

[23]
Overfull \hbox (36.16089pt too wide) in paragraph at lines 118--119
[][][][][][][][][][][][][][][][][][][][][][][][][][][][][][][][][][][][][][][][
][][][][][][][][][][][][][][][][][][][][][][][][][][] 
 []

)) 
AED: lastpage setting LastPage
[24]
Package atveryend Info: Empty hook `BeforeClearDocument' on input line 66.
Package atveryend Info: Empty hook `AfterLastShipout' on input line 66.
 (mcmpaper.aux)
Package atveryend Info: Executing hook `AtVeryEndDocument' on input line 66.
Package atveryend Info: Executing hook `AtEndAfterFileList' on input line 66.
Package rerunfilecheck Info: File `mcmpaper.out' has not changed.
(rerunfilecheck)             Checksum: 7F833C2427DDB9AE2A03AE8FFC861722;1713.


LaTeX Warning: There were multiply-defined labels.

Package atveryend Info: Empty hook `AtVeryVeryEnd' on input line 66.
 ) 
Here is how much of TeX's memory you used:
 11841 strings out of 493698
 157802 string characters out of 3150480
 346359 words of memory out of 3000000
 14654 multiletter control sequences out of 15000+200000
 65505 words of font info for 92 fonts, out of 3000000 for 9000
 1025 hyphenation exceptions out of 8191
 49i,12n,45p,1638b,1792s stack positions out of 5000i,500n,10000p,200000b,50000s
{D:/LATEX/mik/fonts/enc/dvips/fontname/8r.enc}<D:/LATEX/mik/fonts/type1/publi
c/amsfonts/cm/cmex10.pfb><D:/LATEX/mik/fonts/type1/public/amsfonts/cm/cmmi10.pf
b><D:/LATEX/mik/fonts/type1/public/amsfonts/cm/cmmi6.pfb><D:/LATEX/mik/fonts/ty
pe1/public/amsfonts/cm/cmmi8.pfb><D:/LATEX/mik/fonts/type1/public/amsfonts/cm/c
mr10.pfb><D:/LATEX/mik/fonts/type1/public/amsfonts/cm/cmr6.pfb><D:/LATEX/mik/fo
nts/type1/public/amsfonts/cm/cmr8.pfb><D:/LATEX/mik/fonts/type1/public/amsfonts
/cm/cmsy10.pfb><D:/LATEX/mik/fonts/type1/public/amsfonts/cm/cmsy6.pfb><D:/LATEX
/mik/fonts/type1/public/amsfonts/cm/cmsy8.pfb><D:/LATEX/mik/fonts/type1/bera/fv
sb8a.pfb><D:/LATEX/mik/fonts/type1/bera/fvsr8a.pfb><D:/LATEX/mik/fonts/type1/ur
w/courier/ucrb8a.pfb><D:/LATEX/mik/fonts/type1/urw/courier/ucrr8a.pfb><D:/LATEX
/mik/fonts/type1/urw/palatino/uplb8a.pfb><D:/LATEX/mik/fonts/type1/urw/palatino
/uplbi8a.pfb><D:/LATEX/mik/fonts/type1/urw/palatino/uplr8a.pfb>
Output written on mcmpaper.pdf (24 pages, 598747 bytes).
PDF statistics:
 559 PDF objects out of 1000 (max. 8388607)
 220 named destinations out of 1000 (max. 500000)
 264 words of extra memory for PDF output out of 10000 (max. 10000000)

